<?xml version="1.0" encoding="UTF-8"?>
<!-- Generated by org.testng.reporters.JUnitXMLReporter -->
<testsuite hostname="G10GNLT049" name="USGBC" tests="1" failures="1" timestamp="22 Jan 2018 04:12:34 GMT" time="138.976" errors="0">
  <testcase name="MembershipRegistration" time="120.294" classname="com.dynamicUsgbc.testcases.MembershipRegistrationTest">
    <failure type="java.lang.Error" message="Timed out after 30 seconds waiting for visibility of element located by By.xpath: .//*[@id=&amp;apos;usgbc-payment-reciept-form&amp;apos;]/div[2]/div/div[1]/div[2]/h3/b
Build info: version: &amp;apos;2.53.0&amp;apos;, revision: &amp;apos;35ae25b1534ae328c771e0856c93e187490ca824&amp;apos;, time: &amp;apos;2016-03-15 10:43:46&amp;apos;
System info: host: &amp;apos;G10GNLT049&amp;apos;, ip: &amp;apos;169.254.255.64&amp;apos;, os.name: &amp;apos;Windows 10&amp;apos;, os.arch: &amp;apos;amd64&amp;apos;, os.version: &amp;apos;10.0&amp;apos;, java.version: &amp;apos;1.8.0_151&amp;apos;
Driver info: org.openqa.selenium.firefox.FirefoxDriver
Capabilities [{applicationCacheEnabled=true, rotatable=false, handlesAlerts=true, databaseEnabled=true, version=46.0, platform=WINDOWS, nativeEvents=false, acceptSslCerts=true, webStorageEnabled=true, locationContextEnabled=true, browserName=firefox, takesScreenshot=true, javascriptEnabled=true, cssSelectorsEnabled=true}]
Session ID: 65553379-d193-4a44-b690-0faf2df8fc8c">
      <![CDATA[java.lang.Error: Timed out after 30 seconds waiting for visibility of element located by By.xpath: .//*[@id='usgbc-payment-reciept-form']/div[2]/div/div[1]/div[2]/h3/b
Build info: version: '2.53.0', revision: '35ae25b1534ae328c771e0856c93e187490ca824', time: '2016-03-15 10:43:46'
System info: host: 'G10GNLT049', ip: '169.254.255.64', os.name: 'Windows 10', os.arch: 'amd64', os.version: '10.0', java.version: '1.8.0_151'
Driver info: org.openqa.selenium.firefox.FirefoxDriver
Capabilities [{applicationCacheEnabled=true, rotatable=false, handlesAlerts=true, databaseEnabled=true, version=46.0, platform=WINDOWS, nativeEvents=false, acceptSslCerts=true, webStorageEnabled=true, locationContextEnabled=true, browserName=firefox, takesScreenshot=true, javascriptEnabled=true, cssSelectorsEnabled=true}]
Session ID: 65553379-d193-4a44-b690-0faf2df8fc8c
	at org.openqa.selenium.support.ui.WebDriverWait.timeoutException(WebDriverWait.java:80)
	at org.openqa.selenium.support.ui.FluentWait.until(FluentWait.java:261)
	at com.dynamicUsgbc.driver.CommonMethod.WaitUntilVisibility(CommonMethod.java:883)
	at com.dynamicUsgbc.driver.CommonMethod.findElement(CommonMethod.java:74)
	at com.dynamicUsgbc.driver.CommonMethod.getText(CommonMethod.java:186)
	at com.dynamicUsgbc.driver.CommonMethod.assertEqualsmessage(CommonMethod.java:260)
	at com.dynamicUsgbc.ReusableMethods.ReusableMethodPayment.verifyPaymentSuccessful(ReusableMethodPayment.java:234)
	at com.dynamicUsgbc.testcases.MembershipRegistrationTest.MembershipRegistration(MembershipRegistrationTest.java:36)
... Removed 24 stack frames]]>
    </failure>
  </testcase> <!-- MembershipRegistration -->
</testsuite> <!-- USGBC -->
