<?xml version="1.0" encoding="UTF-8"?>
<!-- Generated by org.testng.reporters.JUnitXMLReporter -->
<testsuite hostname="G10GNLT049" name="USGBCVisualTest" tests="9" failures="0" timestamp="18 Dec 2017 17:42:37 GMT" time="412.576" errors="0">
  <testcase name="USGBCLandingPageHeaderLink" time="5.428" classname="com.usgbc.testcases.LandingPage.USGBCLandingPageTest"/>
  <testcase name="USGBCHeaderLinkEducation" time="20.252" classname="com.usgbc.testcases.LandingPage.USGBCHeaderLinkEducationTest"/>
  <testcase name="USGBCHeaderLinkDirectory" time="13.613" classname="com.usgbc.testcases.LandingPage.USGBCHeaderLinkDirectoryTest"/>
  <testcase name="USGBCHeaderLinkResources" time="14.337" classname="com.usgbc.testcases.LandingPage.USGBCHeaderLinkResourcesTest"/>
  <testcase name="USGBCHeaderLinkArticles" time="18.676" classname="com.usgbc.testcases.LandingPage.USGBCHeaderLinkArticlesTest"/>
  <testcase name="USGBCHeaderLinkCredentials" time="9.83" classname="com.usgbc.testcases.LandingPage.USGBCHeaderLinkCredentialsTest"/>
  <testcase name="USGBCHeaderLinkLeed" time="9.975" classname="com.usgbc.testcases.LandingPage.USGBCHeaderLinkLeedTest"/>
  <testcase name="USGBCHeaderLinkStore" time="31.652" classname="com.usgbc.testcases.LandingPage.USGBCHeaderLinkStoreTest"/>
  <testcase name="USGBCHeaderLinkJoin" time="11.233" classname="com.usgbc.testcases.LandingPage.USGBCHeaderLinkJoinTest"/>
</testsuite> <!-- USGBCVisualTest -->
