<?xml version="1.0" encoding="UTF-8"?>
<!-- Generated by org.testng.reporters.JUnitXMLReporter -->
<testsuite hostname="ARJUNS" name="USGBC" tests="1" failures="1" timestamp="23 May 2018 20:28:18 GMT" time="36.585" errors="0">
  <testcase name="@AfterMethod teardown" time="0.0" classname="com.dynamicUsgbc.testcases.SponsorEditVerify">
    <failure type="java.lang.NullPointerException">
      <![CDATA[java.lang.NullPointerException
	at com.dynamicUsgbc.driver.BaseClass.teardown(BaseClass.java:189)
... Removed 26 stack frames]]>
    </failure>
  </testcase> <!-- @AfterMethod teardown -->
  <testcase name="SponsorshipFlow" time="23.789" classname="com.dynamicUsgbc.testcases.SponsorEditVerify">
    <failure type="java.lang.AssertionError" message="Amount didn&amp;apos;t matched expected [300.0] but found [VerifySponserAmount]">
      <![CDATA[java.lang.AssertionError: Amount didn't matched expected [300.0] but found [VerifySponserAmount]
	at com.dynamicUsgbc.driver.CommonMethod.assertEqualsMessage(CommonMethod.java:273)
	at com.dynamicUsgbc.testcases.SponsorEditVerify.SponsorshipFlow(SponsorEditVerify.java:78)
... Removed 28 stack frames]]>
    </failure>
  </testcase> <!-- SponsorshipFlow -->
</testsuite> <!-- USGBC -->
