<?xml version="1.0" encoding="UTF-8"?>
<testng-results skipped="0" failed="1" total="1" passed="0">
  <reporter-output>
  </reporter-output>
  <suite name="UsgbcTest" duration-ms="54368" started-at="2018-05-17T03:41:02Z" finished-at="2018-05-17T03:41:56Z">
    <groups>
    </groups>
    <test name="USGBC" duration-ms="54368" started-at="2018-05-17T03:41:02Z" finished-at="2018-05-17T03:41:56Z">
      <class name="com.dynamicUsgbc.testcases.MembershipRegistrationFlowTest">
        <test-method status="PASS" signature="setup(java.lang.String, java.lang.String)[pri:0, instance:com.dynamicUsgbc.testcases.MembershipRegistrationFlowTest@42dafa95]" name="setup" is-config="true" duration-ms="12491" started-at="2018-05-16T23:41:02Z" finished-at="2018-05-16T23:41:14Z">
          <params>
            <param index="0">
              <value>
                <![CDATA[firefox]]>
              </value>
            </param>
            <param index="1">
              <value>
                <![CDATA[staging]]>
              </value>
            </param>
          </params>
          <reporter-output>
          </reporter-output>
        </test-method> <!-- setup -->
        <test-method status="FAIL" signature="MembershipRegistration(int, java.lang.String, java.lang.String, java.lang.String, java.lang.String)[pri:0, instance:com.dynamicUsgbc.testcases.MembershipRegistrationFlowTest@42dafa95]" name="MembershipRegistration" duration-ms="40006" started-at="2018-05-16T23:41:14Z" finished-at="2018-05-16T23:41:54Z">
          <params>
            <param index="0">
              <value>
                <![CDATA[2]]>
              </value>
            </param>
            <param index="1">
              <value>
                <![CDATA[MembershipContact]]>
              </value>
            </param>
            <param index="2">
              <value>
                <![CDATA[Payment]]>
              </value>
            </param>
            <param index="3">
              <value>
                <![CDATA[SignIn]]>
              </value>
            </param>
            <param index="4">
              <value>
                <![CDATA[ExamRegistration]]>
              </value>
            </param>
          </params>
          <exception class="java.lang.Error">
            <message>
              <![CDATA[Field is Empty expected [Test] but found []]]>
            </message>
            <full-stacktrace>
              <![CDATA[java.lang.Error: Field is Empty expected [Test] but found []
	at org.testng.Assert.fail(Assert.java:94)
	at org.testng.Assert.failNotEquals(Assert.java:496)
	at org.testng.Assert.assertEquals(Assert.java:125)
	at org.testng.Assert.assertEquals(Assert.java:178)
	at com.dynamicUsgbc.driver.CommonMethod.assertEqualsmessage(CommonMethod.java:265)
	at com.dynamicUsgbc.ReusableMethods.ReusableMethodMembership.VerifyContactDetails(ReusableMethodMembership.java:284)
	at com.dynamicUsgbc.testcases.MembershipRegistrationFlowTest.MembershipRegistration(MembershipRegistrationFlowTest.java:46)
	at sun.reflect.NativeMethodAccessorImpl.invoke0(Native Method)
	at sun.reflect.NativeMethodAccessorImpl.invoke(Unknown Source)
	at sun.reflect.DelegatingMethodAccessorImpl.invoke(Unknown Source)
	at java.lang.reflect.Method.invoke(Unknown Source)
	at org.testng.internal.MethodInvocationHelper.invokeMethod(MethodInvocationHelper.java:85)
	at org.testng.internal.Invoker.invokeMethod(Invoker.java:639)
	at org.testng.internal.Invoker.invokeTestMethod(Invoker.java:816)
	at org.testng.internal.Invoker.invokeTestMethods(Invoker.java:1124)
	at org.testng.internal.TestMethodWorker.invokeTestMethods(TestMethodWorker.java:125)
	at org.testng.internal.TestMethodWorker.run(TestMethodWorker.java:108)
	at org.testng.TestRunner.privateRun(TestRunner.java:774)
	at org.testng.TestRunner.run(TestRunner.java:624)
	at org.testng.SuiteRunner.runTest(SuiteRunner.java:359)
	at org.testng.SuiteRunner.runSequentially(SuiteRunner.java:354)
	at org.testng.SuiteRunner.privateRun(SuiteRunner.java:312)
	at org.testng.SuiteRunner.run(SuiteRunner.java:261)
	at org.testng.SuiteRunnerWorker.runSuite(SuiteRunnerWorker.java:52)
	at org.testng.SuiteRunnerWorker.run(SuiteRunnerWorker.java:86)
	at org.testng.TestNG.runSuitesSequentially(TestNG.java:1191)
	at org.testng.TestNG.runSuitesLocally(TestNG.java:1116)
	at org.testng.TestNG.run(TestNG.java:1024)
	at org.testng.remote.AbstractRemoteTestNG.run(AbstractRemoteTestNG.java:114)
	at org.testng.remote.RemoteTestNG.initAndRun(RemoteTestNG.java:251)
	at org.testng.remote.RemoteTestNG.main(RemoteTestNG.java:77)
]]>
            </full-stacktrace>
          </exception> <!-- java.lang.Error -->
          <reporter-output>
          </reporter-output>
        </test-method> <!-- MembershipRegistration -->
        <test-method status="PASS" signature="teardown(org.testng.ITestResult)[pri:0, instance:com.dynamicUsgbc.testcases.MembershipRegistrationFlowTest@42dafa95]" name="teardown" is-config="true" duration-ms="860" started-at="2018-05-16T23:41:54Z" finished-at="2018-05-16T23:41:55Z">
          <params>
            <param index="0">
              <value>
                <![CDATA[[TestResult name=MembershipRegistration status=FAILURE method=MembershipRegistrationFlowTest.MembershipRegistration(int, java.lang.String, java.lang.String, java.lang.String, java.lang.String)[pri:0, instance:com.dynamicUsgbc.testcases.MembershipRegistrationFlowTest@42dafa95] output={null}]]]>
              </value>
            </param>
          </params>
          <reporter-output>
          </reporter-output>
        </test-method> <!-- teardown -->
        <test-method status="PASS" signature="end()[pri:0, instance:com.dynamicUsgbc.testcases.MembershipRegistrationFlowTest@42dafa95]" name="end" is-config="true" duration-ms="982" started-at="2018-05-16T23:41:55Z" finished-at="2018-05-16T23:41:56Z">
          <reporter-output>
          </reporter-output>
        </test-method> <!-- end -->
      </class> <!-- com.dynamicUsgbc.testcases.MembershipRegistrationFlowTest -->
    </test> <!-- USGBC -->
  </suite> <!-- UsgbcTest -->
</testng-results>
